2022-03-28 23:04:34.886  INFO 17236 --- [main] com.czh.JpaApplication                   : Starting JpaApplication on MR-CZh with PID 17236 (D:\workspace_Idea\SpringBootSourceCode\Jpa\target\classes started by 陈振华 in D:\workspace_Idea\SpringBootSourceCode)
2022-03-28 23:04:34.968  INFO 17236 --- [main] ationConfigEmbeddedWebApplicationContext : Refreshing org.springframework.boot.context.embedded.AnnotationConfigEmbeddedWebApplicationContext@6a47b187: startup date [Mon Mar 28 23:04:34 CST 2022]; root of context hierarchy
2022-03-28 23:04:36.867  INFO 17236 --- [main] o.s.b.f.s.DefaultListableBeanFactory     : Overriding bean definition for bean 'beanNameViewResolver' with a different definition: replacing [Root bean: class [null]; scope=; abstract=false; lazyInit=false; autowireMode=3; dependencyCheck=0; autowireCandidate=true; primary=false; factoryBeanName=org.springframework.boot.autoconfigure.web.ErrorMvcAutoConfiguration$WhitelabelErrorViewConfiguration; factoryMethodName=beanNameViewResolver; initMethodName=null; destroyMethodName=(inferred); defined in class path resource [org/springframework/boot/autoconfigure/web/ErrorMvcAutoConfiguration$WhitelabelErrorViewConfiguration.class]] with [Root bean: class [null]; scope=; abstract=false; lazyInit=false; autowireMode=3; dependencyCheck=0; autowireCandidate=true; primary=false; factoryBeanName=org.springframework.boot.autoconfigure.web.WebMvcAutoConfiguration$WebMvcAutoConfigurationAdapter; factoryMethodName=beanNameViewResolver; initMethodName=null; destroyMethodName=(inferred); defined in class path resource [org/springframework/boot/autoconfigure/web/WebMvcAutoConfiguration$WebMvcAutoConfigurationAdapter.class]]
2022-03-28 23:04:37.710  INFO 17236 --- [main] trationDelegate$BeanPostProcessorChecker : Bean 'org.springframework.transaction.annotation.ProxyTransactionManagementConfiguration' of type [class org.springframework.transaction.annotation.ProxyTransactionManagementConfiguration$$EnhancerBySpringCGLIB$$ac92cbfa] is not eligible for getting processed by all BeanPostProcessors (for example: not eligible for auto-proxying)
2022-03-28 23:04:38.606  INFO 17236 --- [main] s.b.c.e.t.TomcatEmbeddedServletContainer : Tomcat initialized with port(s): 8761 (http)
2022-03-28 23:04:38.781  INFO 17236 --- [main] o.apache.catalina.core.StandardService   : Starting service Tomcat
2022-03-28 23:04:38.783  INFO 17236 --- [main] org.apache.catalina.core.StandardEngine  : Starting Servlet Engine: Apache Tomcat/8.0.23
2022-03-28 23:04:39.053  INFO 17236 --- [localhost-startStop-1] o.a.c.c.C.[Tomcat].[localhost].[/]       : Initializing Spring embedded WebApplicationContext
2022-03-28 23:04:39.053  INFO 17236 --- [localhost-startStop-1] o.s.web.context.ContextLoader            : Root WebApplicationContext: initialization completed in 4085 ms
2022-03-28 23:04:40.745  INFO 17236 --- [localhost-startStop-1] o.s.b.c.e.ServletRegistrationBean        : Mapping servlet: 'dispatcherServlet' to [/]
2022-03-28 23:04:40.764  INFO 17236 --- [localhost-startStop-1] o.s.b.c.embedded.FilterRegistrationBean  : Mapping filter: 'characterEncodingFilter' to: [/*]
2022-03-28 23:04:40.768  INFO 17236 --- [localhost-startStop-1] o.s.b.c.embedded.FilterRegistrationBean  : Mapping filter: 'hiddenHttpMethodFilter' to: [/*]
2022-03-28 23:04:41.426  INFO 17236 --- [main] j.LocalContainerEntityManagerFactoryBean : Building JPA container EntityManagerFactory for persistence unit 'default'
2022-03-28 23:04:41.433  INFO 17236 --- [main] o.hibernate.jpa.internal.util.LogHelper  : HHH000204: Processing PersistenceUnitInfo [
	name: default
	...]
2022-03-28 23:04:41.565  INFO 17236 --- [main] org.hibernate.Version                    : HHH000412: Hibernate Core {4.3.10.Final}
2022-03-28 23:04:41.568  INFO 17236 --- [main] org.hibernate.cfg.Environment            : HHH000206: hibernate.properties not found
2022-03-28 23:04:41.570  INFO 17236 --- [main] org.hibernate.cfg.Environment            : HHH000021: Bytecode provider name : javassist
2022-03-28 23:04:41.940  INFO 17236 --- [main] o.hibernate.annotations.common.Version   : HCANN000001: Hibernate Commons Annotations {4.0.5.Final}
2022-03-28 23:04:42.051  INFO 17236 --- [main] org.hibernate.dialect.Dialect            : HHH000400: Using dialect: org.hibernate.dialect.MySQL5Dialect
2022-03-28 23:04:42.235  INFO 17236 --- [main] o.h.h.i.ast.ASTQueryTranslatorFactory    : HHH000397: Using ASTQueryTranslatorFactory
2022-03-28 23:04:43.443  INFO 17236 --- [main] s.w.s.m.m.a.RequestMappingHandlerAdapter : Looking for @ControllerAdvice: org.springframework.boot.context.embedded.AnnotationConfigEmbeddedWebApplicationContext@6a47b187: startup date [Mon Mar 28 23:04:34 CST 2022]; root of context hierarchy
2022-03-28 23:04:43.582  INFO 17236 --- [main] s.w.s.m.m.a.RequestMappingHandlerMapping : Mapped "{[/sakura/addMsg]}" onto public com.czh.entity.Message com.czh.controller.MessageController.save(com.czh.entity.Message)
2022-03-28 23:04:43.584  INFO 17236 --- [main] s.w.s.m.m.a.RequestMappingHandlerMapping : Mapped "{[/sakura/sort]}" onto public java.util.List<com.czh.entity.Message> com.czh.controller.MessageController.sort()
2022-03-28 23:04:43.584  INFO 17236 --- [main] s.w.s.m.m.a.RequestMappingHandlerMapping : Mapped "{[/sakura/getMsg],methods=[POST]}" onto public java.util.List<com.czh.entity.Message> com.czh.controller.MessageController.getMsg(com.czh.entity.Message)
2022-03-28 23:04:43.592  INFO 17236 --- [main] s.w.s.m.m.a.RequestMappingHandlerMapping : Mapped "{[/error]}" onto public org.springframework.http.ResponseEntity<java.util.Map<java.lang.String, java.lang.Object>> org.springframework.boot.autoconfigure.web.BasicErrorController.error(javax.servlet.http.HttpServletRequest)
2022-03-28 23:04:43.593  INFO 17236 --- [main] s.w.s.m.m.a.RequestMappingHandlerMapping : Mapped "{[/error],produces=[text/html]}" onto public org.springframework.web.servlet.ModelAndView org.springframework.boot.autoconfigure.web.BasicErrorController.errorHtml(javax.servlet.http.HttpServletRequest)
2022-03-28 23:04:43.654  INFO 17236 --- [main] o.s.w.s.handler.SimpleUrlHandlerMapping  : Mapped URL path [/webjars/**] onto handler of type [class org.springframework.web.servlet.resource.ResourceHttpRequestHandler]
2022-03-28 23:04:43.654  INFO 17236 --- [main] o.s.w.s.handler.SimpleUrlHandlerMapping  : Mapped URL path [/**] onto handler of type [class org.springframework.web.servlet.resource.ResourceHttpRequestHandler]
2022-03-28 23:04:43.758  INFO 17236 --- [main] o.s.w.s.handler.SimpleUrlHandlerMapping  : Mapped URL path [/**/favicon.ico] onto handler of type [class org.springframework.web.servlet.resource.ResourceHttpRequestHandler]
2022-03-28 23:04:44.294  INFO 17236 --- [main] o.s.j.e.a.AnnotationMBeanExporter        : Registering beans for JMX exposure on startup
2022-03-28 23:04:44.791  INFO 17236 --- [main] s.b.c.e.t.TomcatEmbeddedServletContainer : Tomcat started on port(s): 8761 (http)
2022-03-28 23:04:44.800  INFO 17236 --- [main] com.czh.JpaApplication                   : Started JpaApplication in 10.855 seconds (JVM running for 20.546)
2022-03-28 23:04:47.980  INFO 17236 --- [http-nio-8761-exec-1] o.a.c.c.C.[Tomcat].[localhost].[/]       : Initializing Spring FrameworkServlet 'dispatcherServlet'
2022-03-28 23:04:47.980  INFO 17236 --- [http-nio-8761-exec-1] o.s.web.servlet.DispatcherServlet        : FrameworkServlet 'dispatcherServlet': initialization started
2022-03-28 23:04:48.024  INFO 17236 --- [http-nio-8761-exec-1] o.s.web.servlet.DispatcherServlet        : FrameworkServlet 'dispatcherServlet': initialization completed in 44 ms
2022-03-28 23:24:36.441  INFO 17236 --- [Thread-1] ationConfigEmbeddedWebApplicationContext : Closing org.springframework.boot.context.embedded.AnnotationConfigEmbeddedWebApplicationContext@6a47b187: startup date [Mon Mar 28 23:04:34 CST 2022]; root of context hierarchy
2022-03-28 23:24:37.053  INFO 17236 --- [Thread-1] o.s.j.e.a.AnnotationMBeanExporter        : Unregistering JMX-exposed beans on shutdown
2022-03-28 23:24:37.158  INFO 17236 --- [Thread-1] j.LocalContainerEntityManagerFactoryBean : Closing JPA EntityManagerFactory for persistence unit 'default'
